[debug] [2026-03-02T15:56:00.074Z] ----------------------------------------------------------------------
[debug] [2026-03-02T15:56:00.076Z] Command:       /nix/store/ws50yvm6vzlzf7jzz6n7xh4szddrack1-nodejs-20.19.1/bin/node /nix/store/gm9mcvzb17vv8cla08khrg29vxn3sq4r-firebase-tools-15.1.0/lib/node_modules/firebase-tools/lib/bin/firebase.js init functions
[debug] [2026-03-02T15:56:00.077Z] CLI Version:   15.1.0
[debug] [2026-03-02T15:56:00.077Z] Platform:      linux
[debug] [2026-03-02T15:56:00.077Z] Node Version:  v20.19.1
[debug] [2026-03-02T15:56:00.077Z] Time:          Mon Mar 02 2026 15:56:00 GMT+0000 (Coordinated Universal Time)
[debug] [2026-03-02T15:56:00.077Z] ----------------------------------------------------------------------
[debug] 
[debug] [2026-03-02T15:56:02.974Z] No OAuth tokens found
[debug] [2026-03-02T15:56:02.975Z] No OAuth tokens found
[error] Failed to fetch Firebase Project from current Studio Workspace: Unable to refresh auth: not yet authenticated.
[info] 
     ######## #### ########  ######## ########     ###     ######  ########
     ##        ##  ##     ## ##       ##     ##  ##   ##  ##       ##
     ######    ##  ########  ######   ########  #########  ######  ######
     ##        ##  ##    ##  ##       ##     ## ##     ##       ## ##
     ##       #### ##     ## ######## ########  ##     ##  ######  ########

You're about to initialize a Firebase project in this directory:

  /home/user/toupee4u-new/toupee4u

Before we get started, keep in mind:

  * You are initializing within an existing Firebase project directory

[info] 
=== Project Setup
[info] 
[info] First, let's associate this project directory with a Firebase project.
[info] You can create multiple project aliases by running firebase use --add, 
[info] 
[debug] [2026-03-02T15:56:05.800Z] > command requires scopes: ["email","openid","https://www.googleapis.com/auth/cloudplatformprojects.readonly","https://www.googleapis.com/auth/firebase","https://www.googleapis.com/auth/cloud-platform","https://www.googleapis.com/auth/userinfo.email"]
[debug] [2026-03-02T15:56:05.801Z] > authorizing via signed-in user (liuzhitao598@gmail.com)
[debug] [2026-03-02T15:56:05.803Z] No OAuth tokens found
[debug] [2026-03-02T15:56:05.803Z] No OAuth tokens found
[debug] [2026-03-02T15:56:05.803Z] > command requires scopes: ["email","openid","https://www.googleapis.com/auth/cloudplatformprojects.readonly","https://www.googleapis.com/auth/firebase","https://www.googleapis.com/auth/cloud-platform","https://www.googleapis.com/auth/userinfo.email"]
[debug] [2026-03-02T15:56:05.804Z] > authorizing via signed-in user (liuzhitao598@gmail.com)
[debug] [2026-03-02T15:56:05.821Z] >>> [apiv2][query] GET https://firebase.googleapis.com/v1beta1/projects pageSize=100
[debug] [2026-03-02T15:56:06.341Z] <<< [apiv2][status] GET https://firebase.googleapis.com/v1beta1/projects 200
[debug] [2026-03-02T15:56:06.343Z] <<< [apiv2][body] GET https://firebase.googleapis.com/v1beta1/projects [omitted]
